  main.cpp
C:\Users\ganda\Documents\GitHub\Low-Level-Programming\RayTracerFramework (1)\RayTracerFramework\RayTracerSmall\main.cpp(42,1): warning C4005: 'INFINITY': macro redefinition
C:\Program Files (x86)\Windows Kits\10\Include\10.0.18362.0\ucrt\corecrt_math.h(90): message : see previous definition of 'INFINITY'
C:\Users\ganda\Documents\GitHub\Low-Level-Programming\RayTracerFramework (1)\RayTracerFramework\RayTracerSmall\main.cpp(167,19): warning C4305: 'initializing': truncation from 'double' to 'float'
C:\Users\ganda\Documents\GitHub\Low-Level-Programming\RayTracerFramework (1)\RayTracerFramework\RayTracerSmall\main.cpp(173,60): warning C4305: 'argument': truncation from 'double' to 'const float'
C:\Users\ganda\Documents\GitHub\Low-Level-Programming\RayTracerFramework (1)\RayTracerFramework\RayTracerSmall\main.cpp(182,19): warning C4305: 'initializing': truncation from 'double' to 'float'
C:\Users\ganda\Documents\GitHub\Low-Level-Programming\RayTracerFramework (1)\RayTracerFramework\RayTracerSmall\main.cpp(237,14): warning C4244: 'initializing': conversion from 'double' to 'float', possible loss of data
C:\Users\ganda\Documents\GitHub\Low-Level-Programming\RayTracerFramework (1)\RayTracerFramework\RayTracerSmall\main.cpp(241,13): warning C4244: 'initializing': conversion from 'double' to 'float', possible loss of data
C:\Users\ganda\Documents\GitHub\Low-Level-Programming\RayTracerFramework (1)\RayTracerFramework\RayTracerSmall\main.cpp(242,13): warning C4244: 'initializing': conversion from 'double' to 'float', possible loss of data
C:\Users\ganda\Documents\GitHub\Low-Level-Programming\RayTracerFramework (1)\RayTracerFramework\RayTracerSmall\main.cpp(270,81): warning C4305: 'argument': truncation from 'double' to 'T'
          with
          [
              T=float
          ]
C:\Users\ganda\Documents\GitHub\Low-Level-Programming\RayTracerFramework (1)\RayTracerFramework\RayTracerSmall\main.cpp(271,72): warning C4305: 'argument': truncation from 'double' to 'T'
          with
          [
              T=float
          ]
C:\Users\ganda\Documents\GitHub\Low-Level-Programming\RayTracerFramework (1)\RayTracerFramework\RayTracerSmall\main.cpp(272,73): warning C4305: 'argument': truncation from 'double' to 'T'
          with
          [
              T=float
          ]
C:\Users\ganda\Documents\GitHub\Low-Level-Programming\RayTracerFramework (1)\RayTracerFramework\RayTracerSmall\main.cpp(273,72): warning C4305: 'argument': truncation from 'double' to 'T'
          with
          [
              T=float
          ]
C:\Users\ganda\Documents\GitHub\Low-Level-Programming\RayTracerFramework (1)\RayTracerFramework\RayTracerSmall\main.cpp(289,83): warning C4305: 'argument': truncation from 'double' to 'T'
          with
          [
              T=float
          ]
C:\Users\ganda\Documents\GitHub\Low-Level-Programming\RayTracerFramework (1)\RayTracerFramework\RayTracerSmall\main.cpp(290,74): warning C4305: 'argument': truncation from 'double' to 'T'
          with
          [
              T=float
          ]
C:\Users\ganda\Documents\GitHub\Low-Level-Programming\RayTracerFramework (1)\RayTracerFramework\RayTracerSmall\main.cpp(291,75): warning C4305: 'argument': truncation from 'double' to 'T'
          with
          [
              T=float
          ]
C:\Users\ganda\Documents\GitHub\Low-Level-Programming\RayTracerFramework (1)\RayTracerFramework\RayTracerSmall\main.cpp(292,74): warning C4305: 'argument': truncation from 'double' to 'T'
          with
          [
              T=float
          ]
C:\Users\ganda\Documents\GitHub\Low-Level-Programming\RayTracerFramework (1)\RayTracerFramework\RayTracerSmall\main.cpp(297,83): warning C4305: 'argument': truncation from 'double' to 'T'
          with
          [
              T=float
          ]
C:\Users\ganda\Documents\GitHub\Low-Level-Programming\RayTracerFramework (1)\RayTracerFramework\RayTracerSmall\main.cpp(298,74): warning C4305: 'argument': truncation from 'double' to 'T'
          with
          [
              T=float
          ]
C:\Users\ganda\Documents\GitHub\Low-Level-Programming\RayTracerFramework (1)\RayTracerFramework\RayTracerSmall\main.cpp(299,75): warning C4305: 'argument': truncation from 'double' to 'T'
          with
          [
              T=float
          ]
C:\Users\ganda\Documents\GitHub\Low-Level-Programming\RayTracerFramework (1)\RayTracerFramework\RayTracerSmall\main.cpp(300,74): warning C4305: 'argument': truncation from 'double' to 'T'
          with
          [
              T=float
          ]
C:\Users\ganda\Documents\GitHub\Low-Level-Programming\RayTracerFramework (1)\RayTracerFramework\RayTracerSmall\main.cpp(304,83): warning C4305: 'argument': truncation from 'double' to 'T'
          with
          [
              T=float
          ]
C:\Users\ganda\Documents\GitHub\Low-Level-Programming\RayTracerFramework (1)\RayTracerFramework\RayTracerSmall\main.cpp(305,74): warning C4305: 'argument': truncation from 'double' to 'T'
          with
          [
              T=float
          ]
C:\Users\ganda\Documents\GitHub\Low-Level-Programming\RayTracerFramework (1)\RayTracerFramework\RayTracerSmall\main.cpp(306,75): warning C4305: 'argument': truncation from 'double' to 'T'
          with
          [
              T=float
          ]
C:\Users\ganda\Documents\GitHub\Low-Level-Programming\RayTracerFramework (1)\RayTracerFramework\RayTracerSmall\main.cpp(307,74): warning C4305: 'argument': truncation from 'double' to 'T'
          with
          [
              T=float
          ]
C:\Users\ganda\Documents\GitHub\Low-Level-Programming\RayTracerFramework (1)\RayTracerFramework\RayTracerSmall\main.cpp(311,83): warning C4305: 'argument': truncation from 'double' to 'T'
          with
          [
              T=float
          ]
C:\Users\ganda\Documents\GitHub\Low-Level-Programming\RayTracerFramework (1)\RayTracerFramework\RayTracerSmall\main.cpp(312,74): warning C4305: 'argument': truncation from 'double' to 'T'
          with
          [
              T=float
          ]
C:\Users\ganda\Documents\GitHub\Low-Level-Programming\RayTracerFramework (1)\RayTracerFramework\RayTracerSmall\main.cpp(313,75): warning C4305: 'argument': truncation from 'double' to 'T'
          with
          [
              T=float
          ]
C:\Users\ganda\Documents\GitHub\Low-Level-Programming\RayTracerFramework (1)\RayTracerFramework\RayTracerSmall\main.cpp(314,74): warning C4305: 'argument': truncation from 'double' to 'T'
          with
          [
              T=float
          ]
C:\Users\ganda\Documents\GitHub\Low-Level-Programming\RayTracerFramework (1)\RayTracerFramework\RayTracerSmall\main.cpp(330,82): warning C4305: 'argument': truncation from 'double' to 'T'
          with
          [
              T=float
          ]
C:\Users\ganda\Documents\GitHub\Low-Level-Programming\RayTracerFramework (1)\RayTracerFramework\RayTracerSmall\main.cpp(331,79): warning C4305: 'argument': truncation from 'double' to 'T'
          with
          [
              T=float
          ]
C:\Users\ganda\Documents\GitHub\Low-Level-Programming\RayTracerFramework (1)\RayTracerFramework\RayTracerSmall\main.cpp(332,74): warning C4305: 'argument': truncation from 'double' to 'T'
          with
          [
              T=float
          ]
C:\Users\ganda\Documents\GitHub\Low-Level-Programming\RayTracerFramework (1)\RayTracerFramework\RayTracerSmall\main.cpp(333,73): warning C4305: 'argument': truncation from 'double' to 'T'
          with
          [
              T=float
          ]
C:\Users\ganda\Documents\GitHub\Low-Level-Programming\RayTracerFramework (1)\RayTracerFramework\RayTracerSmall\main.cpp(334,19): warning C4244: 'argument': conversion from 'float' to 'int', possible loss of data
  Generating code
  Previous IPDB not found, fall back to full compilation.
  All 252 functions were compiled because no usable IPDB/IOBJ from previous compilation was found.
  Finished generating code
  RayTracerSmall.vcxproj -> C:\Users\ganda\Documents\GitHub\Low-Level-Programming\RayTracerFramework (1)\RayTracerFramework\x64\Release\RayTracerSmall.exe
