  main.cpp
C:\Users\d012751j\Documents\GitHub\Low-Level-Programming\RayTracerFramework\RayTracerFramework\RayTracerSmall\main.cpp(42,1): warning C4005: 'INFINITY': macro redefinition
C:\Program Files (x86)\Windows Kits\10\Include\10.0.19041.0\ucrt\corecrt_math.h(88): message : see previous definition of 'INFINITY'
C:\Users\d012751j\Documents\GitHub\Low-Level-Programming\RayTracerFramework\RayTracerFramework\RayTracerSmall\main.cpp(147,2): warning C4267: 'initializing': conversion from 'size_t' to 'unsigned int', possible loss of data
C:\Users\d012751j\Documents\GitHub\Low-Level-Programming\RayTracerFramework\RayTracerFramework\RayTracerSmall\main.cpp(167,19): warning C4305: 'initializing': truncation from 'double' to 'float'
C:\Users\d012751j\Documents\GitHub\Low-Level-Programming\RayTracerFramework\RayTracerFramework\RayTracerSmall\main.cpp(173,60): warning C4305: 'argument': truncation from 'double' to 'const float'
C:\Users\d012751j\Documents\GitHub\Low-Level-Programming\RayTracerFramework\RayTracerFramework\RayTracerSmall\main.cpp(173,32): warning C4244: 'argument': conversion from 'double' to 'const float', possible loss of data
C:\Users\d012751j\Documents\GitHub\Low-Level-Programming\RayTracerFramework\RayTracerFramework\RayTracerSmall\main.cpp(182,19): warning C4305: 'initializing': truncation from 'double' to 'float'
C:\Users\d012751j\Documents\GitHub\Low-Level-Programming\RayTracerFramework\RayTracerFramework\RayTracerSmall\main.cpp(196,3): warning C4267: 'initializing': conversion from 'size_t' to 'unsigned int', possible loss of data
C:\Users\d012751j\Documents\GitHub\Low-Level-Programming\RayTracerFramework\RayTracerFramework\RayTracerSmall\main.cpp(202,5): warning C4267: 'initializing': conversion from 'size_t' to 'unsigned int', possible loss of data
C:\Users\d012751j\Documents\GitHub\Low-Level-Programming\RayTracerFramework\RayTracerFramework\RayTracerSmall\main.cpp(237,14): warning C4244: 'initializing': conversion from 'double' to 'float', possible loss of data
C:\Users\d012751j\Documents\GitHub\Low-Level-Programming\RayTracerFramework\RayTracerFramework\RayTracerSmall\main.cpp(241,13): warning C4244: 'initializing': conversion from 'double' to 'float', possible loss of data
C:\Users\d012751j\Documents\GitHub\Low-Level-Programming\RayTracerFramework\RayTracerFramework\RayTracerSmall\main.cpp(242,13): warning C4244: 'initializing': conversion from 'double' to 'float', possible loss of data
C:\Users\d012751j\Documents\GitHub\Low-Level-Programming\RayTracerFramework\RayTracerFramework\RayTracerSmall\main.cpp(255,64): warning C4302: 'type cast': truncation from 'const char *' to 'char'
C:\Users\d012751j\Documents\GitHub\Low-Level-Programming\RayTracerFramework\RayTracerFramework\RayTracerSmall\main.cpp(273,81): warning C4305: 'argument': truncation from 'double' to 'T'
          with
          [
              T=float
          ]
C:\Users\d012751j\Documents\GitHub\Low-Level-Programming\RayTracerFramework\RayTracerFramework\RayTracerSmall\main.cpp(274,72): warning C4305: 'argument': truncation from 'double' to 'T'
          with
          [
              T=float
          ]
C:\Users\d012751j\Documents\GitHub\Low-Level-Programming\RayTracerFramework\RayTracerFramework\RayTracerSmall\main.cpp(275,73): warning C4305: 'argument': truncation from 'double' to 'T'
          with
          [
              T=float
          ]
C:\Users\d012751j\Documents\GitHub\Low-Level-Programming\RayTracerFramework\RayTracerFramework\RayTracerSmall\main.cpp(276,72): warning C4305: 'argument': truncation from 'double' to 'T'
          with
          [
              T=float
          ]
C:\Users\d012751j\Documents\GitHub\Low-Level-Programming\RayTracerFramework\RayTracerFramework\RayTracerSmall\main.cpp(294,83): warning C4305: 'argument': truncation from 'double' to 'T'
          with
          [
              T=float
          ]
C:\Users\d012751j\Documents\GitHub\Low-Level-Programming\RayTracerFramework\RayTracerFramework\RayTracerSmall\main.cpp(295,74): warning C4305: 'argument': truncation from 'double' to 'T'
          with
          [
              T=float
          ]
C:\Users\d012751j\Documents\GitHub\Low-Level-Programming\RayTracerFramework\RayTracerFramework\RayTracerSmall\main.cpp(296,75): warning C4305: 'argument': truncation from 'double' to 'T'
          with
          [
              T=float
          ]
C:\Users\d012751j\Documents\GitHub\Low-Level-Programming\RayTracerFramework\RayTracerFramework\RayTracerSmall\main.cpp(297,74): warning C4305: 'argument': truncation from 'double' to 'T'
          with
          [
              T=float
          ]
C:\Users\d012751j\Documents\GitHub\Low-Level-Programming\RayTracerFramework\RayTracerFramework\RayTracerSmall\main.cpp(299,83): warning C4305: 'argument': truncation from 'double' to 'T'
          with
          [
              T=float
          ]
C:\Users\d012751j\Documents\GitHub\Low-Level-Programming\RayTracerFramework\RayTracerFramework\RayTracerSmall\main.cpp(300,74): warning C4305: 'argument': truncation from 'double' to 'T'
          with
          [
              T=float
          ]
C:\Users\d012751j\Documents\GitHub\Low-Level-Programming\RayTracerFramework\RayTracerFramework\RayTracerSmall\main.cpp(301,75): warning C4305: 'argument': truncation from 'double' to 'T'
          with
          [
              T=float
          ]
C:\Users\d012751j\Documents\GitHub\Low-Level-Programming\RayTracerFramework\RayTracerFramework\RayTracerSmall\main.cpp(302,74): warning C4305: 'argument': truncation from 'double' to 'T'
          with
          [
              T=float
          ]
C:\Users\d012751j\Documents\GitHub\Low-Level-Programming\RayTracerFramework\RayTracerFramework\RayTracerSmall\main.cpp(304,83): warning C4305: 'argument': truncation from 'double' to 'T'
          with
          [
              T=float
          ]
C:\Users\d012751j\Documents\GitHub\Low-Level-Programming\RayTracerFramework\RayTracerFramework\RayTracerSmall\main.cpp(305,74): warning C4305: 'argument': truncation from 'double' to 'T'
          with
          [
              T=float
          ]
C:\Users\d012751j\Documents\GitHub\Low-Level-Programming\RayTracerFramework\RayTracerFramework\RayTracerSmall\main.cpp(306,75): warning C4305: 'argument': truncation from 'double' to 'T'
          with
          [
              T=float
          ]
C:\Users\d012751j\Documents\GitHub\Low-Level-Programming\RayTracerFramework\RayTracerFramework\RayTracerSmall\main.cpp(307,74): warning C4305: 'argument': truncation from 'double' to 'T'
          with
          [
              T=float
          ]
C:\Users\d012751j\Documents\GitHub\Low-Level-Programming\RayTracerFramework\RayTracerFramework\RayTracerSmall\main.cpp(309,83): warning C4305: 'argument': truncation from 'double' to 'T'
          with
          [
              T=float
          ]
C:\Users\d012751j\Documents\GitHub\Low-Level-Programming\RayTracerFramework\RayTracerFramework\RayTracerSmall\main.cpp(310,74): warning C4305: 'argument': truncation from 'double' to 'T'
          with
          [
              T=float
          ]
C:\Users\d012751j\Documents\GitHub\Low-Level-Programming\RayTracerFramework\RayTracerFramework\RayTracerSmall\main.cpp(311,75): warning C4305: 'argument': truncation from 'double' to 'T'
          with
          [
              T=float
          ]
C:\Users\d012751j\Documents\GitHub\Low-Level-Programming\RayTracerFramework\RayTracerFramework\RayTracerSmall\main.cpp(312,74): warning C4305: 'argument': truncation from 'double' to 'T'
          with
          [
              T=float
          ]
C:\Users\d012751j\Documents\GitHub\Low-Level-Programming\RayTracerFramework\RayTracerFramework\RayTracerSmall\main.cpp(359,82): warning C4305: 'argument': truncation from 'double' to 'T'
          with
          [
              T=float
          ]
C:\Users\d012751j\Documents\GitHub\Low-Level-Programming\RayTracerFramework\RayTracerFramework\RayTracerSmall\main.cpp(360,79): warning C4305: 'argument': truncation from 'double' to 'T'
          with
          [
              T=float
          ]
C:\Users\d012751j\Documents\GitHub\Low-Level-Programming\RayTracerFramework\RayTracerFramework\RayTracerSmall\main.cpp(360,50): warning C4244: 'argument': conversion from 'unsigned int' to 'const float', possible loss of data
C:\Users\d012751j\Documents\GitHub\Low-Level-Programming\RayTracerFramework\RayTracerFramework\RayTracerSmall\main.cpp(361,74): warning C4305: 'argument': truncation from 'double' to 'T'
          with
          [
              T=float
          ]
C:\Users\d012751j\Documents\GitHub\Low-Level-Programming\RayTracerFramework\RayTracerFramework\RayTracerSmall\main.cpp(362,73): warning C4305: 'argument': truncation from 'double' to 'T'
          with
          [
              T=float
          ]
  Generating code
  209 of 217 functions (96.3%) were compiled, the rest were copied from previous compilation.
    0 functions were new in current compilation
    2 functions had inline decision re-evaluated but remain unchanged
  Finished generating code
  RayTracerSmall.vcxproj -> C:\Users\d012751j\Documents\GitHub\Low-Level-Programming\RayTracerFramework\RayTracerFramework\x64\Release\RayTracerSmall.exe
